{"name":"Runs Cucumber Scenarios","status":"broken","statusDetails":{"known":false,"muted":false,"flaky":false,"message":"Could not convert arguments for step [user enters tags] defined at 'com.stepDefinitions.Crm_Calendar.user_enters_tags(java.util.List<java.lang.String>)'.\nIt appears you did not register a data table type. The details are in the stacktrace below.","trace":"io.cucumber.core.exception.CucumberException: Could not convert arguments for step [user enters tags] defined at 'com.stepDefinitions.Crm_Calendar.user_enters_tags(java.util.List<java.lang.String>)'.\nIt appears you did not register a data table type. The details are in the stacktrace below.\r\n\tat io.cucumber.core.runner.PickleStepDefinitionMatch.registerDataTableTypeInConfiguration(PickleStepDefinitionMatch.java:109)\r\n\tat io.cucumber.core.runner.PickleStepDefinitionMatch.runStep(PickleStepDefinitionMatch.java:50)\r\n\tat io.cucumber.core.runner.TestStep.executeStep(TestStep.java:64)\r\n\tat io.cucumber.core.runner.TestStep.run(TestStep.java:49)\r\n\tat io.cucumber.core.runner.PickleStepTestStep.run(PickleStepTestStep.java:46)\r\n\tat io.cucumber.core.runner.TestCase.run(TestCase.java:51)\r\n\tat io.cucumber.core.runner.Runner.runPickle(Runner.java:67)\r\n\tat io.cucumber.testng.TestNGCucumberRunner.runScenario(TestNGCucumberRunner.java:124)\r\n\tat io.cucumber.testng.AbstractTestNGCucumberTests.runScenario(AbstractTestNGCucumberTests.java:29)\r\n\tat sun.reflect.NativeMethodAccessorImpl.invoke0(Native Method)\r\n\tat sun.reflect.NativeMethodAccessorImpl.invoke(Unknown Source)\r\n\tat sun.reflect.DelegatingMethodAccessorImpl.invoke(Unknown Source)\r\n\tat java.lang.reflect.Method.invoke(Unknown Source)\r\n\tat org.testng.internal.MethodInvocationHelper.invokeMethod(MethodInvocationHelper.java:124)\r\n\tat org.testng.internal.Invoker.invokeMethod(Invoker.java:583)\r\n\tat org.testng.internal.Invoker.invokeTestMethod(Invoker.java:719)\r\n\tat org.testng.internal.Invoker.invokeTestMethods(Invoker.java:989)\r\n\tat org.testng.internal.TestMethodWorker.invokeTestMethods(TestMethodWorker.java:125)\r\n\tat org.testng.internal.TestMethodWorker.run(TestMethodWorker.java:109)\r\n\tat org.testng.TestRunner.privateRun(TestRunner.java:648)\r\n\tat org.testng.TestRunner.run(TestRunner.java:505)\r\n\tat org.testng.SuiteRunner.runTest(SuiteRunner.java:455)\r\n\tat org.testng.SuiteRunner.runSequentially(SuiteRunner.java:450)\r\n\tat org.testng.SuiteRunner.privateRun(SuiteRunner.java:415)\r\n\tat org.testng.SuiteRunner.run(SuiteRunner.java:364)\r\n\tat org.testng.SuiteRunnerWorker.runSuite(SuiteRunnerWorker.java:52)\r\n\tat org.testng.SuiteRunnerWorker.run(SuiteRunnerWorker.java:84)\r\n\tat org.testng.TestNG.runSuitesSequentially(TestNG.java:1208)\r\n\tat org.testng.TestNG.runSuitesLocally(TestNG.java:1137)\r\n\tat org.testng.TestNG.runSuites(TestNG.java:1049)\r\n\tat org.testng.TestNG.run(TestNG.java:1017)\r\n\tat org.testng.remote.AbstractRemoteTestNG.run(AbstractRemoteTestNG.java:115)\r\n\tat org.testng.remote.RemoteTestNG.initAndRun(RemoteTestNG.java:251)\r\n\tat org.testng.remote.RemoteTestNG.main(RemoteTestNG.java:77)\r\nCaused by: io.cucumber.datatable.UndefinedDataTableTypeException: Can't convert DataTable to List<java.lang.String>.\nPlease review these problems:\n\n - There was a table cell transformer for java.lang.String but the table was too wide to use it.\n   Please reduce the table width to use this converter.\n\n - There was no table entry or table row transformer registered for java.lang.String.\n   Please consider registering a table entry or row transformer.\n\nNote: Usually solving one is enough\r\n\tat io.cucumber.datatable.UndefinedDataTableTypeException.listNoConverterDefined(UndefinedDataTableTypeException.java:110)\r\n\tat io.cucumber.datatable.DataTableTypeRegistryTableConverter.toList(DataTableTypeRegistryTableConverter.java:136)\r\n\tat io.cucumber.datatable.DataTableTypeRegistryTableConverter.convert(DataTableTypeRegistryTableConverter.java:102)\r\n\tat io.cucumber.datatable.DataTable.convert(DataTable.java:360)\r\n\tat io.cucumber.core.stepexpression.StepExpressionFactory.lambda$createExpression$4(StepExpressionFactory.java:63)\r\n\tat io.cucumber.core.stepexpression.DataTableArgument.getValue(DataTableArgument.java:19)\r\n\tat io.cucumber.core.runner.PickleStepDefinitionMatch.runStep(PickleStepDefinitionMatch.java:47)\r\n\t... 32 more\r\n"},"stage":"finished","steps":[],"attachments":[],"parameters":[{"name":"arg1","value":"\"To test the crm application calendar\""},{"name":"arg0","value":"\"To test the crm calendar functionality\""}],"start":1607817645666,"stop":1607817661406,"uuid":"97614e22-eba2-4d69-a34b-9dc534f50c24","historyId":"5d233626c90c85b6e1d2606c8caa2d5e","fullName":"io.cucumber.testng.AbstractTestNGCucumberTests.runScenario","labels":[{"name":"package","value":"com.testRunners.TestRunner"},{"name":"testClass","value":"com.testRunners.TestRunner"},{"name":"testMethod","value":"runScenario"},{"name":"parentSuite","value":"Default suite"},{"name":"suite","value":"Default test"},{"name":"subSuite","value":"com.testRunners.TestRunner"},{"name":"host","value":"Pradeep-PC"},{"name":"thread","value":"24660@Pradeep-PC.main(1)"},{"name":"framework","value":"testng"},{"name":"language","value":"java"}],"links":[]}